execve("./fork", ["./fork"], 0x7ffdc30e4d90 /* 49 vars */) = 0
brk(NULL)                               = 0x55f7e2d25000
arch_prctl(0x3001 /* ARCH_??? */, 0x7ffd7a84a890) = -1 EINVAL (Invalid argument)
mmap(NULL, 8192, PROT_READ|PROT_WRITE, MAP_PRIVATE|MAP_ANONYMOUS, -1, 0) = 0x7f7fae40b000
access("/etc/ld.so.preload", R_OK)      = -1 ENOENT (No such file or directory)
openat(AT_FDCWD, "/usr/local/lib/glibc-hwcaps/x86-64-v3/libc.so.6", O_RDONLY|O_CLOEXEC) = -1 ENOENT (No such file or directory)
newfstatat(AT_FDCWD, "/usr/local/lib/glibc-hwcaps/x86-64-v3", 0x7ffd7a849ab0, 0) = -1 ENOENT (No such file or directory)
openat(AT_FDCWD, "/usr/local/lib/glibc-hwcaps/x86-64-v2/libc.so.6", O_RDONLY|O_CLOEXEC) = -1 ENOENT (No such file or directory)
newfstatat(AT_FDCWD, "/usr/local/lib/glibc-hwcaps/x86-64-v2", 0x7ffd7a849ab0, 0) = -1 ENOENT (No such file or directory)
openat(AT_FDCWD, "/usr/local/lib/tls/haswell/x86_64/libc.so.6", O_RDONLY|O_CLOEXEC) = -1 ENOENT (No such file or directory)
newfstatat(AT_FDCWD, "/usr/local/lib/tls/haswell/x86_64", 0x7ffd7a849ab0, 0) = -1 ENOENT (No such file or directory)
openat(AT_FDCWD, "/usr/local/lib/tls/haswell/libc.so.6", O_RDONLY|O_CLOEXEC) = -1 ENOENT (No such file or directory)
newfstatat(AT_FDCWD, "/usr/local/lib/tls/haswell", 0x7ffd7a849ab0, 0) = -1 ENOENT (No such file or directory)
openat(AT_FDCWD, "/usr/local/lib/tls/x86_64/libc.so.6", O_RDONLY|O_CLOEXEC) = -1 ENOENT (No such file or directory)
newfstatat(AT_FDCWD, "/usr/local/lib/tls/x86_64", 0x7ffd7a849ab0, 0) = -1 ENOENT (No such file or directory)
openat(AT_FDCWD, "/usr/local/lib/tls/libc.so.6", O_RDONLY|O_CLOEXEC) = -1 ENOENT (No such file or directory)
newfstatat(AT_FDCWD, "/usr/local/lib/tls", 0x7ffd7a849ab0, 0) = -1 ENOENT (No such file or directory)
openat(AT_FDCWD, "/usr/local/lib/haswell/x86_64/libc.so.6", O_RDONLY|O_CLOEXEC) = -1 ENOENT (No such file or directory)
newfstatat(AT_FDCWD, "/usr/local/lib/haswell/x86_64", 0x7ffd7a849ab0, 0) = -1 ENOENT (No such file or directory)
openat(AT_FDCWD, "/usr/local/lib/haswell/libc.so.6", O_RDONLY|O_CLOEXEC) = -1 ENOENT (No such file or directory)
newfstatat(AT_FDCWD, "/usr/local/lib/haswell", 0x7ffd7a849ab0, 0) = -1 ENOENT (No such file or directory)
openat(AT_FDCWD, "/usr/local/lib/x86_64/libc.so.6", O_RDONLY|O_CLOEXEC) = -1 ENOENT (No such file or directory)
newfstatat(AT_FDCWD, "/usr/local/lib/x86_64", 0x7ffd7a849ab0, 0) = -1 ENOENT (No such file or directory)
openat(AT_FDCWD, "/usr/local/lib/libc.so.6", O_RDONLY|O_CLOEXEC) = -1 ENOENT (No such file or directory)
newfstatat(AT_FDCWD, "/usr/local/lib", {st_mode=S_IFDIR|0755, st_size=16384, ...}, 0) = 0
openat(AT_FDCWD, "/home/goetschm/VEXU_GHOST/install/plotjuggler/lib/glibc-hwcaps/x86-64-v3/libc.so.6", O_RDONLY|O_CLOEXEC) = -1 ENOENT (No such file or directory)
newfstatat(AT_FDCWD, "/home/goetschm/VEXU_GHOST/install/plotjuggler/lib/glibc-hwcaps/x86-64-v3", 0x7ffd7a849ab0, 0) = -1 ENOENT (No such file or directory)
openat(AT_FDCWD, "/home/goetschm/VEXU_GHOST/install/plotjuggler/lib/glibc-hwcaps/x86-64-v2/libc.so.6", O_RDONLY|O_CLOEXEC) = -1 ENOENT (No such file or directory)
newfstatat(AT_FDCWD, "/home/goetschm/VEXU_GHOST/install/plotjuggler/lib/glibc-hwcaps/x86-64-v2", 0x7ffd7a849ab0, 0) = -1 ENOENT (No such file or directory)
openat(AT_FDCWD, "/home/goetschm/VEXU_GHOST/install/plotjuggler/lib/tls/haswell/x86_64/libc.so.6", O_RDONLY|O_CLOEXEC) = -1 ENOENT (No such file or directory)
newfstatat(AT_FDCWD, "/home/goetschm/VEXU_GHOST/install/plotjuggler/lib/tls/haswell/x86_64", 0x7ffd7a849ab0, 0) = -1 ENOENT (No such file or directory)
openat(AT_FDCWD, "/home/goetschm/VEXU_GHOST/install/plotjuggler/lib/tls/haswell/libc.so.6", O_RDONLY|O_CLOEXEC) = -1 ENOENT (No such file or directory)
newfstatat(AT_FDCWD, "/home/goetschm/VEXU_GHOST/install/plotjuggler/lib/tls/haswell", 0x7ffd7a849ab0, 0) = -1 ENOENT (No such file or directory)
openat(AT_FDCWD, "/home/goetschm/VEXU_GHOST/install/plotjuggler/lib/tls/x86_64/libc.so.6", O_RDONLY|O_CLOEXEC) = -1 ENOENT (No such file or directory)
newfstatat(AT_FDCWD, "/home/goetschm/VEXU_GHOST/install/plotjuggler/lib/tls/x86_64", 0x7ffd7a849ab0, 0) = -1 ENOENT (No such file or directory)
openat(AT_FDCWD, "/home/goetschm/VEXU_GHOST/install/plotjuggler/lib/tls/libc.so.6", O_RDONLY|O_CLOEXEC) = -1 ENOENT (No such file or directory)
newfstatat(AT_FDCWD, "/home/goetschm/VEXU_GHOST/install/plotjuggler/lib/tls", 0x7ffd7a849ab0, 0) = -1 ENOENT (No such file or directory)
openat(AT_FDCWD, "/home/goetschm/VEXU_GHOST/install/plotjuggler/lib/haswell/x86_64/libc.so.6", O_RDONLY|O_CLOEXEC) = -1 ENOENT (No such file or directory)
newfstatat(AT_FDCWD, "/home/goetschm/VEXU_GHOST/install/plotjuggler/lib/haswell/x86_64", 0x7ffd7a849ab0, 0) = -1 ENOENT (No such file or directory)
openat(AT_FDCWD, "/home/goetschm/VEXU_GHOST/install/plotjuggler/lib/haswell/libc.so.6", O_RDONLY|O_CLOEXEC) = -1 ENOENT (No such file or directory)
newfstatat(AT_FDCWD, "/home/goetschm/VEXU_GHOST/install/plotjuggler/lib/haswell", 0x7ffd7a849ab0, 0) = -1 ENOENT (No such file or directory)
openat(AT_FDCWD, "/home/goetschm/VEXU_GHOST/install/plotjuggler/lib/x86_64/libc.so.6", O_RDONLY|O_CLOEXEC) = -1 ENOENT (No such file or directory)
newfstatat(AT_FDCWD, "/home/goetschm/VEXU_GHOST/install/plotjuggler/lib/x86_64", 0x7ffd7a849ab0, 0) = -1 ENOENT (No such file or directory)
openat(AT_FDCWD, "/home/goetschm/VEXU_GHOST/install/plotjuggler/lib/libc.so.6", O_RDONLY|O_CLOEXEC) = -1 ENOENT (No such file or directory)
newfstatat(AT_FDCWD, "/home/goetschm/VEXU_GHOST/install/plotjuggler/lib", {st_mode=S_IFDIR|0755, st_size=4096, ...}, 0) = 0
openat(AT_FDCWD, "/home/goetschm/VEXU_GHOST/install/ghost_swerve/lib/glibc-hwcaps/x86-64-v3/libc.so.6", O_RDONLY|O_CLOEXEC) = -1 ENOENT (No such file or directory)
newfstatat(AT_FDCWD, "/home/goetschm/VEXU_GHOST/install/ghost_swerve/lib/glibc-hwcaps/x86-64-v3", 0x7ffd7a849ab0, 0) = -1 ENOENT (No such file or directory)
openat(AT_FDCWD, "/home/goetschm/VEXU_GHOST/install/ghost_swerve/lib/glibc-hwcaps/x86-64-v2/libc.so.6", O_RDONLY|O_CLOEXEC) = -1 ENOENT (No such file or directory)
newfstatat(AT_FDCWD, "/home/goetschm/VEXU_GHOST/install/ghost_swerve/lib/glibc-hwcaps/x86-64-v2", 0x7ffd7a849ab0, 0) = -1 ENOENT (No such file or directory)
openat(AT_FDCWD, "/home/goetschm/VEXU_GHOST/install/ghost_swerve/lib/tls/haswell/x86_64/libc.so.6", O_RDONLY|O_CLOEXEC) = -1 ENOENT (No such file or directory)
newfstatat(AT_FDCWD, "/home/goetschm/VEXU_GHOST/install/ghost_swerve/lib/tls/haswell/x86_64", 0x7ffd7a849ab0, 0) = -1 ENOENT (No such file or directory)
openat(AT_FDCWD, "/home/goetschm/VEXU_GHOST/install/ghost_swerve/lib/tls/haswell/libc.so.6", O_RDONLY|O_CLOEXEC) = -1 ENOENT (No such file or directory)
newfstatat(AT_FDCWD, "/home/goetschm/VEXU_GHOST/install/ghost_swerve/lib/tls/haswell", 0x7ffd7a849ab0, 0) = -1 ENOENT (No such file or directory)
openat(AT_FDCWD, "/home/goetschm/VEXU_GHOST/install/ghost_swerve/lib/tls/x86_64/libc.so.6", O_RDONLY|O_CLOEXEC) = -1 ENOENT (No such file or directory)
newfstatat(AT_FDCWD, "/home/goetschm/VEXU_GHOST/install/ghost_swerve/lib/tls/x86_64", 0x7ffd7a849ab0, 0) = -1 ENOENT (No such file or directory)
openat(AT_FDCWD, "/home/goetschm/VEXU_GHOST/install/ghost_swerve/lib/tls/libc.so.6", O_RDONLY|O_CLOEXEC) = -1 ENOENT (No such file or directory)
newfstatat(AT_FDCWD, "/home/goetschm/VEXU_GHOST/install/ghost_swerve/lib/tls", 0x7ffd7a849ab0, 0) = -1 ENOENT (No such file or directory)
openat(AT_FDCWD, "/home/goetschm/VEXU_GHOST/install/ghost_swerve/lib/haswell/x86_64/libc.so.6", O_RDONLY|O_CLOEXEC) = -1 ENOENT (No such file or directory)
newfstatat(AT_FDCWD, "/home/goetschm/VEXU_GHOST/install/ghost_swerve/lib/haswell/x86_64", 0x7ffd7a849ab0, 0) = -1 ENOENT (No such file or directory)
openat(AT_FDCWD, "/home/goetschm/VEXU_GHOST/install/ghost_swerve/lib/haswell/libc.so.6", O_RDONLY|O_CLOEXEC) = -1 ENOENT (No such file or directory)
newfstatat(AT_FDCWD, "/home/goetschm/VEXU_GHOST/install/ghost_swerve/lib/haswell", 0x7ffd7a849ab0, 0) = -1 ENOENT (No such file or directory)
openat(AT_FDCWD, "/home/goetschm/VEXU_GHOST/install/ghost_swerve/lib/x86_64/libc.so.6", O_RDONLY|O_CLOEXEC) = -1 ENOENT (No such file or directory)
newfstatat(AT_FDCWD, "/home/goetschm/VEXU_GHOST/install/ghost_swerve/lib/x86_64", 0x7ffd7a849ab0, 0) = -1 ENOENT (No such file or directory)
openat(AT_FDCWD, "/home/goetschm/VEXU_GHOST/install/ghost_swerve/lib/libc.so.6", O_RDONLY|O_CLOEXEC) = -1 ENOENT (No such file or directory)
newfstatat(AT_FDCWD, "/home/goetschm/VEXU_GHOST/install/ghost_swerve/lib", {st_mode=S_IFDIR|0755, st_size=4096, ...}, 0) = 0
openat(AT_FDCWD, "/home/goetschm/VEXU_GHOST/install/ghost_motion_planner_core/lib/glibc-hwcaps/x86-64-v3/libc.so.6", O_RDONLY|O_CLOEXEC) = -1 ENOENT (No such file or directory)
newfstatat(AT_FDCWD, "/home/goetschm/VEXU_GHOST/install/ghost_motion_planner_core/lib/glibc-hwcaps/x86-64-v3", 0x7ffd7a849ab0, 0) = -1 ENOENT (No such file or directory)
openat(AT_FDCWD, "/home/goetschm/VEXU_GHOST/install/ghost_motion_planner_core/lib/glibc-hwcaps/x86-64-v2/libc.so.6", O_RDONLY|O_CLOEXEC) = -1 ENOENT (No such file or directory)
newfstatat(AT_FDCWD, "/home/goetschm/VEXU_GHOST/install/ghost_motion_planner_core/lib/glibc-hwcaps/x86-64-v2", 0x7ffd7a849ab0, 0) = -1 ENOENT (No such file or directory)
openat(AT_FDCWD, "/home/goetschm/VEXU_GHOST/install/ghost_motion_planner_core/lib/tls/haswell/x86_64/libc.so.6", O_RDONLY|O_CLOEXEC) = -1 ENOENT (No such file or directory)
newfstatat(AT_FDCWD, "/home/goetschm/VEXU_GHOST/install/ghost_motion_planner_core/lib/tls/haswell/x86_64", 0x7ffd7a849ab0, 0) = -1 ENOENT (No such file or directory)
openat(AT_FDCWD, "/home/goetschm/VEXU_GHOST/install/ghost_motion_planner_core/lib/tls/haswell/libc.so.6", O_RDONLY|O_CLOEXEC) = -1 ENOENT (No such file or directory)
newfstatat(AT_FDCWD, "/home/goetschm/VEXU_GHOST/install/ghost_motion_planner_core/lib/tls/haswell", 0x7ffd7a849ab0, 0) = -1 ENOENT (No such file or directory)
openat(AT_FDCWD, "/home/goetschm/VEXU_GHOST/install/ghost_motion_planner_core/lib/tls/x86_64/libc.so.6", O_RDONLY|O_CLOEXEC) = -1 ENOENT (No such file or directory)
newfstatat(AT_FDCWD, "/home/goetschm/VEXU_GHOST/install/ghost_motion_planner_core/lib/tls/x86_64", 0x7ffd7a849ab0, 0) = -1 ENOENT (No such file or directory)
openat(AT_FDCWD, "/home/goetschm/VEXU_GHOST/install/ghost_motion_planner_core/lib/tls/libc.so.6", O_RDONLY|O_CLOEXEC) = -1 ENOENT (No such file or directory)
newfstatat(AT_FDCWD, "/home/goetschm/VEXU_GHOST/install/ghost_motion_planner_core/lib/tls", 0x7ffd7a849ab0, 0) = -1 ENOENT (No such file or directory)
openat(AT_FDCWD, "/home/goetschm/VEXU_GHOST/install/ghost_motion_planner_core/lib/haswell/x86_64/libc.so.6", O_RDONLY|O_CLOEXEC) = -1 ENOENT (No such file or directory)
newfstatat(AT_FDCWD, "/home/goetschm/VEXU_GHOST/install/ghost_motion_planner_core/lib/haswell/x86_64", 0x7ffd7a849ab0, 0) = -1 ENOENT (No such file or directory)
openat(AT_FDCWD, "/home/goetschm/VEXU_GHOST/install/ghost_motion_planner_core/lib/haswell/libc.so.6", O_RDONLY|O_CLOEXEC) = -1 ENOENT (No such file or directory)
newfstatat(AT_FDCWD, "/home/goetschm/VEXU_GHOST/install/ghost_motion_planner_core/lib/haswell", 0x7ffd7a849ab0, 0) = -1 ENOENT (No such file or directory)
openat(AT_FDCWD, "/home/goetschm/VEXU_GHOST/install/ghost_motion_planner_core/lib/x86_64/libc.so.6", O_RDONLY|O_CLOEXEC) = -1 ENOENT (No such file or directory)
newfstatat(AT_FDCWD, "/home/goetschm/VEXU_GHOST/install/ghost_motion_planner_core/lib/x86_64", 0x7ffd7a849ab0, 0) = -1 ENOENT (No such file or directory)
openat(AT_FDCWD, "/home/goetschm/VEXU_GHOST/install/ghost_motion_planner_core/lib/libc.so.6", O_RDONLY|O_CLOEXEC) = -1 ENOENT (No such file or directory)
newfstatat(AT_FDCWD, "/home/goetschm/VEXU_GHOST/install/ghost_motion_planner_core/lib", {st_mode=S_IFDIR|0755, st_size=4096, ...}, 0) = 0
openat(AT_FDCWD, "/home/goetschm/VEXU_GHOST/install/ghost_ros_interfaces/lib/glibc-hwcaps/x86-64-v3/libc.so.6", O_RDONLY|O_CLOEXEC) = -1 ENOENT (No such file or directory)
newfstatat(AT_FDCWD, "/home/goetschm/VEXU_GHOST/install/ghost_ros_interfaces/lib/glibc-hwcaps/x86-64-v3", 0x7ffd7a849ab0, 0) = -1 ENOENT (No such file or directory)
openat(AT_FDCWD, "/home/goetschm/VEXU_GHOST/install/ghost_ros_interfaces/lib/glibc-hwcaps/x86-64-v2/libc.so.6", O_RDONLY|O_CLOEXEC) = -1 ENOENT (No such file or directory)
newfstatat(AT_FDCWD, "/home/goetschm/VEXU_GHOST/install/ghost_ros_interfaces/lib/glibc-hwcaps/x86-64-v2", 0x7ffd7a849ab0, 0) = -1 ENOENT (No such file or directory)
openat(AT_FDCWD, "/home/goetschm/VEXU_GHOST/install/ghost_ros_interfaces/lib/tls/haswell/x86_64/libc.so.6", O_RDONLY|O_CLOEXEC) = -1 ENOENT (No such file or directory)
newfstatat(AT_FDCWD, "/home/goetschm/VEXU_GHOST/install/ghost_ros_interfaces/lib/tls/haswell/x86_64", 0x7ffd7a849ab0, 0) = -1 ENOENT (No such file or directory)
openat(AT_FDCWD, "/home/goetschm/VEXU_GHOST/install/ghost_ros_interfaces/lib/tls/haswell/libc.so.6", O_RDONLY|O_CLOEXEC) = -1 ENOENT (No such file or directory)
newfstatat(AT_FDCWD, "/home/goetschm/VEXU_GHOST/install/ghost_ros_interfaces/lib/tls/haswell", 0x7ffd7a849ab0, 0) = -1 ENOENT (No such file or directory)
openat(AT_FDCWD, "/home/goetschm/VEXU_GHOST/install/ghost_ros_interfaces/lib/tls/x86_64/libc.so.6", O_RDONLY|O_CLOEXEC) = -1 ENOENT (No such file or directory)
newfstatat(AT_FDCWD, "/home/goetschm/VEXU_GHOST/install/ghost_ros_interfaces/lib/tls/x86_64", 0x7ffd7a849ab0, 0) = -1 ENOENT (No such file or directory)
openat(AT_FDCWD, "/home/goetschm/VEXU_GHOST/install/ghost_ros_interfaces/lib/tls/libc.so.6", O_RDONLY|O_CLOEXEC) = -1 ENOENT (No such file or directory)
newfstatat(AT_FDCWD, "/home/goetschm/VEXU_GHOST/install/ghost_ros_interfaces/lib/tls", 0x7ffd7a849ab0, 0) = -1 ENOENT (No such file or directory)
openat(AT_FDCWD, "/home/goetschm/VEXU_GHOST/install/ghost_ros_interfaces/lib/haswell/x86_64/libc.so.6", O_RDONLY|O_CLOEXEC) = -1 ENOENT (No such file or directory)
newfstatat(AT_FDCWD, "/home/goetschm/VEXU_GHOST/install/ghost_ros_interfaces/lib/haswell/x86_64", 0x7ffd7a849ab0, 0) = -1 ENOENT (No such file or directory)
openat(AT_FDCWD, "/home/goetschm/VEXU_GHOST/install/ghost_ros_interfaces/lib/haswell/libc.so.6", O_RDONLY|O_CLOEXEC) = -1 ENOENT (No such file or directory)
newfstatat(AT_FDCWD, "/home/goetschm/VEXU_GHOST/install/ghost_ros_interfaces/lib/haswell", 0x7ffd7a849ab0, 0) = -1 ENOENT (No such file or directory)
openat(AT_FDCWD, "/home/goetschm/VEXU_GHOST/install/ghost_ros_interfaces/lib/x86_64/libc.so.6", O_RDONLY|O_CLOEXEC) = -1 ENOENT (No such file or directory)
newfstatat(AT_FDCWD, "/home/goetschm/VEXU_GHOST/install/ghost_ros_interfaces/lib/x86_64", 0x7ffd7a849ab0, 0) = -1 ENOENT (No such file or directory)
openat(AT_FDCWD, "/home/goetschm/VEXU_GHOST/install/ghost_ros_interfaces/lib/libc.so.6", O_RDONLY|O_CLOEXEC) = -1 ENOENT (No such file or directory)
newfstatat(AT_FDCWD, "/home/goetschm/VEXU_GHOST/install/ghost_ros_interfaces/lib", {st_mode=S_IFDIR|0755, st_size=4096, ...}, 0) = 0
openat(AT_FDCWD, "/home/goetschm/VEXU_GHOST/install/ghost_v5_interfaces/lib/glibc-hwcaps/x86-64-v3/libc.so.6", O_RDONLY|O_CLOEXEC) = -1 ENOENT (No such file or directory)
newfstatat(AT_FDCWD, "/home/goetschm/VEXU_GHOST/install/ghost_v5_interfaces/lib/glibc-hwcaps/x86-64-v3", 0x7ffd7a849ab0, 0) = -1 ENOENT (No such file or directory)
openat(AT_FDCWD, "/home/goetschm/VEXU_GHOST/install/ghost_v5_interfaces/lib/glibc-hwcaps/x86-64-v2/libc.so.6", O_RDONLY|O_CLOEXEC) = -1 ENOENT (No such file or directory)
newfstatat(AT_FDCWD, "/home/goetschm/VEXU_GHOST/install/ghost_v5_interfaces/lib/glibc-hwcaps/x86-64-v2", 0x7ffd7a849ab0, 0) = -1 ENOENT (No such file or directory)
openat(AT_FDCWD, "/home/goetschm/VEXU_GHOST/install/ghost_v5_interfaces/lib/tls/haswell/x86_64/libc.so.6", O_RDONLY|O_CLOEXEC) = -1 ENOENT (No such file or directory)
newfstatat(AT_FDCWD, "/home/goetschm/VEXU_GHOST/install/ghost_v5_interfaces/lib/tls/haswell/x86_64", 0x7ffd7a849ab0, 0) = -1 ENOENT (No such file or directory)
openat(AT_FDCWD, "/home/goetschm/VEXU_GHOST/install/ghost_v5_interfaces/lib/tls/haswell/libc.so.6", O_RDONLY|O_CLOEXEC) = -1 ENOENT (No such file or directory)
newfstatat(AT_FDCWD, "/home/goetschm/VEXU_GHOST/install/ghost_v5_interfaces/lib/tls/haswell", 0x7ffd7a849ab0, 0) = -1 ENOENT (No such file or directory)
openat(AT_FDCWD, "/home/goetschm/VEXU_GHOST/install/ghost_v5_interfaces/lib/tls/x86_64/libc.so.6", O_RDONLY|O_CLOEXEC) = -1 ENOENT (No such file or directory)
newfstatat(AT_FDCWD, "/home/goetschm/VEXU_GHOST/install/ghost_v5_interfaces/lib/tls/x86_64", 0x7ffd7a849ab0, 0) = -1 ENOENT (No such file or directory)
openat(AT_FDCWD, "/home/goetschm/VEXU_GHOST/install/ghost_v5_interfaces/lib/tls/libc.so.6", O_RDONLY|O_CLOEXEC) = -1 ENOENT (No such file or directory)
newfstatat(AT_FDCWD, "/home/goetschm/VEXU_GHOST/install/ghost_v5_interfaces/lib/tls", 0x7ffd7a849ab0, 0) = -1 ENOENT (No such file or directory)
openat(AT_FDCWD, "/home/goetschm/VEXU_GHOST/install/ghost_v5_interfaces/lib/haswell/x86_64/libc.so.6", O_RDONLY|O_CLOEXEC) = -1 ENOENT (No such file or directory)
newfstatat(AT_FDCWD, "/home/goetschm/VEXU_GHOST/install/ghost_v5_interfaces/lib/haswell/x86_64", 0x7ffd7a849ab0, 0) = -1 ENOENT (No such file or directory)
openat(AT_FDCWD, "/home/goetschm/VEXU_GHOST/install/ghost_v5_interfaces/lib/haswell/libc.so.6", O_RDONLY|O_CLOEXEC) = -1 ENOENT (No such file or directory)
newfstatat(AT_FDCWD, "/home/goetschm/VEXU_GHOST/install/ghost_v5_interfaces/lib/haswell", 0x7ffd7a849ab0, 0) = -1 ENOENT (No such file or directory)
openat(AT_FDCWD, "/home/goetschm/VEXU_GHOST/install/ghost_v5_interfaces/lib/x86_64/libc.so.6", O_RDONLY|O_CLOEXEC) = -1 ENOENT (No such file or directory)
newfstatat(AT_FDCWD, "/home/goetschm/VEXU_GHOST/install/ghost_v5_interfaces/lib/x86_64", 0x7ffd7a849ab0, 0) = -1 ENOENT (No such file or directory)
openat(AT_FDCWD, "/home/goetschm/VEXU_GHOST/install/ghost_v5_interfaces/lib/libc.so.6", O_RDONLY|O_CLOEXEC) = -1 ENOENT (No such file or directory)
newfstatat(AT_FDCWD, "/home/goetschm/VEXU_GHOST/install/ghost_v5_interfaces/lib", {st_mode=S_IFDIR|0755, st_size=4096, ...}, 0) = 0
openat(AT_FDCWD, "/home/goetschm/VEXU_GHOST/install/ghost_planners/lib/glibc-hwcaps/x86-64-v3/libc.so.6", O_RDONLY|O_CLOEXEC) = -1 ENOENT (No such file or directory)
newfstatat(AT_FDCWD, "/home/goetschm/VEXU_GHOST/install/ghost_planners/lib/glibc-hwcaps/x86-64-v3", 0x7ffd7a849ab0, 0) = -1 ENOENT (No such file or directory)
openat(AT_FDCWD, "/home/goetschm/VEXU_GHOST/install/ghost_planners/lib/glibc-hwcaps/x86-64-v2/libc.so.6", O_RDONLY|O_CLOEXEC) = -1 ENOENT (No such file or directory)
newfstatat(AT_FDCWD, "/home/goetschm/VEXU_GHOST/install/ghost_planners/lib/glibc-hwcaps/x86-64-v2", 0x7ffd7a849ab0, 0) = -1 ENOENT (No such file or directory)
openat(AT_FDCWD, "/home/goetschm/VEXU_GHOST/install/ghost_planners/lib/tls/haswell/x86_64/libc.so.6", O_RDONLY|O_CLOEXEC) = -1 ENOENT (No such file or directory)
newfstatat(AT_FDCWD, "/home/goetschm/VEXU_GHOST/install/ghost_planners/lib/tls/haswell/x86_64", 0x7ffd7a849ab0, 0) = -1 ENOENT (No such file or directory)
openat(AT_FDCWD, "/home/goetschm/VEXU_GHOST/install/ghost_planners/lib/tls/haswell/libc.so.6", O_RDONLY|O_CLOEXEC) = -1 ENOENT (No such file or directory)
newfstatat(AT_FDCWD, "/home/goetschm/VEXU_GHOST/install/ghost_planners/lib/tls/haswell", 0x7ffd7a849ab0, 0) = -1 ENOENT (No such file or directory)
openat(AT_FDCWD, "/home/goetschm/VEXU_GHOST/install/ghost_planners/lib/tls/x86_64/libc.so.6", O_RDONLY|O_CLOEXEC) = -1 ENOENT (No such file or directory)
newfstatat(AT_FDCWD, "/home/goetschm/VEXU_GHOST/install/ghost_planners/lib/tls/x86_64", 0x7ffd7a849ab0, 0) = -1 ENOENT (No such file or directory)
openat(AT_FDCWD, "/home/goetschm/VEXU_GHOST/install/ghost_planners/lib/tls/libc.so.6", O_RDONLY|O_CLOEXEC) = -1 ENOENT (No such file or directory)
newfstatat(AT_FDCWD, "/home/goetschm/VEXU_GHOST/install/ghost_planners/lib/tls", 0x7ffd7a849ab0, 0) = -1 ENOENT (No such file or directory)
openat(AT_FDCWD, "/home/goetschm/VEXU_GHOST/install/ghost_planners/lib/haswell/x86_64/libc.so.6", O_RDONLY|O_CLOEXEC) = -1 ENOENT (No such file or directory)
newfstatat(AT_FDCWD, "/home/goetschm/VEXU_GHOST/install/ghost_planners/lib/haswell/x86_64", 0x7ffd7a849ab0, 0) = -1 ENOENT (No such file or directory)
openat(AT_FDCWD, "/home/goetschm/VEXU_GHOST/install/ghost_planners/lib/haswell/libc.so.6", O_RDONLY|O_CLOEXEC) = -1 ENOENT (No such file or directory)
newfstatat(AT_FDCWD, "/home/goetschm/VEXU_GHOST/install/ghost_planners/lib/haswell", 0x7ffd7a849ab0, 0) = -1 ENOENT (No such file or directory)
openat(AT_FDCWD, "/home/goetschm/VEXU_GHOST/install/ghost_planners/lib/x86_64/libc.so.6", O_RDONLY|O_CLOEXEC) = -1 ENOENT (No such file or directory)
newfstatat(AT_FDCWD, "/home/goetschm/VEXU_GHOST/install/ghost_planners/lib/x86_64", 0x7ffd7a849ab0, 0) = -1 ENOENT (No such file or directory)
openat(AT_FDCWD, "/home/goetschm/VEXU_GHOST/install/ghost_planners/lib/libc.so.6", O_RDONLY|O_CLOEXEC) = -1 ENOENT (No such file or directory)
newfstatat(AT_FDCWD, "/home/goetschm/VEXU_GHOST/install/ghost_planners/lib", {st_mode=S_IFDIR|0755, st_size=4096, ...}, 0) = 0
openat(AT_FDCWD, "/home/goetschm/VEXU_GHOST/install/ghost_control/lib/glibc-hwcaps/x86-64-v3/libc.so.6", O_RDONLY|O_CLOEXEC) = -1 ENOENT (No such file or directory)
newfstatat(AT_FDCWD, "/home/goetschm/VEXU_GHOST/install/ghost_control/lib/glibc-hwcaps/x86-64-v3", 0x7ffd7a849ab0, 0) = -1 ENOENT (No such file or directory)
openat(AT_FDCWD, "/home/goetschm/VEXU_GHOST/install/ghost_control/lib/glibc-hwcaps/x86-64-v2/libc.so.6", O_RDONLY|O_CLOEXEC) = -1 ENOENT (No such file or directory)
newfstatat(AT_FDCWD, "/home/goetschm/VEXU_GHOST/install/ghost_control/lib/glibc-hwcaps/x86-64-v2", 0x7ffd7a849ab0, 0) = -1 ENOENT (No such file or directory)
openat(AT_FDCWD, "/home/goetschm/VEXU_GHOST/install/ghost_control/lib/tls/haswell/x86_64/libc.so.6", O_RDONLY|O_CLOEXEC) = -1 ENOENT (No such file or directory)
newfstatat(AT_FDCWD, "/home/goetschm/VEXU_GHOST/install/ghost_control/lib/tls/haswell/x86_64", 0x7ffd7a849ab0, 0) = -1 ENOENT (No such file or directory)
openat(AT_FDCWD, "/home/goetschm/VEXU_GHOST/install/ghost_control/lib/tls/haswell/libc.so.6", O_RDONLY|O_CLOEXEC) = -1 ENOENT (No such file or directory)
newfstatat(AT_FDCWD, "/home/goetschm/VEXU_GHOST/install/ghost_control/lib/tls/haswell", 0x7ffd7a849ab0, 0) = -1 ENOENT (No such file or directory)
openat(AT_FDCWD, "/home/goetschm/VEXU_GHOST/install/ghost_control/lib/tls/x86_64/libc.so.6", O_RDONLY|O_CLOEXEC) = -1 ENOENT (No such file or directory)
newfstatat(AT_FDCWD, "/home/goetschm/VEXU_GHOST/install/ghost_control/lib/tls/x86_64", 0x7ffd7a849ab0, 0) = -1 ENOENT (No such file or directory)
openat(AT_FDCWD, "/home/goetschm/VEXU_GHOST/install/ghost_control/lib/tls/libc.so.6", O_RDONLY|O_CLOEXEC) = -1 ENOENT (No such file or directory)
newfstatat(AT_FDCWD, "/home/goetschm/VEXU_GHOST/install/ghost_control/lib/tls", 0x7ffd7a849ab0, 0) = -1 ENOENT (No such file or directory)
openat(AT_FDCWD, "/home/goetschm/VEXU_GHOST/install/ghost_control/lib/haswell/x86_64/libc.so.6", O_RDONLY|O_CLOEXEC) = -1 ENOENT (No such file or directory)
newfstatat(AT_FDCWD, "/home/goetschm/VEXU_GHOST/install/ghost_control/lib/haswell/x86_64", 0x7ffd7a849ab0, 0) = -1 ENOENT (No such file or directory)
openat(AT_FDCWD, "/home/goetschm/VEXU_GHOST/install/ghost_control/lib/haswell/libc.so.6", O_RDONLY|O_CLOEXEC) = -1 ENOENT (No such file or directory)
newfstatat(AT_FDCWD, "/home/goetschm/VEXU_GHOST/install/ghost_control/lib/haswell", 0x7ffd7a849ab0, 0) = -1 ENOENT (No such file or directory)
openat(AT_FDCWD, "/home/goetschm/VEXU_GHOST/install/ghost_control/lib/x86_64/libc.so.6", O_RDONLY|O_CLOEXEC) = -1 ENOENT (No such file or directory)
newfstatat(AT_FDCWD, "/home/goetschm/VEXU_GHOST/install/ghost_control/lib/x86_64", 0x7ffd7a849ab0, 0) = -1 ENOENT (No such file or directory)
openat(AT_FDCWD, "/home/goetschm/VEXU_GHOST/install/ghost_control/lib/libc.so.6", O_RDONLY|O_CLOEXEC) = -1 ENOENT (No such file or directory)
newfstatat(AT_FDCWD, "/home/goetschm/VEXU_GHOST/install/ghost_control/lib", {st_mode=S_IFDIR|0755, st_size=4096, ...}, 0) = 0
openat(AT_FDCWD, "/home/goetschm/VEXU_GHOST/install/ghost_util/lib/glibc-hwcaps/x86-64-v3/libc.so.6", O_RDONLY|O_CLOEXEC) = -1 ENOENT (No such file or directory)
newfstatat(AT_FDCWD, "/home/goetschm/VEXU_GHOST/install/ghost_util/lib/glibc-hwcaps/x86-64-v3", 0x7ffd7a849ab0, 0) = -1 ENOENT (No such file or directory)
openat(AT_FDCWD, "/home/goetschm/VEXU_GHOST/install/ghost_util/lib/glibc-hwcaps/x86-64-v2/libc.so.6", O_RDONLY|O_CLOEXEC) = -1 ENOENT (No such file or directory)
newfstatat(AT_FDCWD, "/home/goetschm/VEXU_GHOST/install/ghost_util/lib/glibc-hwcaps/x86-64-v2", 0x7ffd7a849ab0, 0) = -1 ENOENT (No such file or directory)
openat(AT_FDCWD, "/home/goetschm/VEXU_GHOST/install/ghost_util/lib/tls/haswell/x86_64/libc.so.6", O_RDONLY|O_CLOEXEC) = -1 ENOENT (No such file or directory)
newfstatat(AT_FDCWD, "/home/goetschm/VEXU_GHOST/install/ghost_util/lib/tls/haswell/x86_64", 0x7ffd7a849ab0, 0) = -1 ENOENT (No such file or directory)
openat(AT_FDCWD, "/home/goetschm/VEXU_GHOST/install/ghost_util/lib/tls/haswell/libc.so.6", O_RDONLY|O_CLOEXEC) = -1 ENOENT (No such file or directory)
newfstatat(AT_FDCWD, "/home/goetschm/VEXU_GHOST/install/ghost_util/lib/tls/haswell", 0x7ffd7a849ab0, 0) = -1 ENOENT (No such file or directory)
openat(AT_FDCWD, "/home/goetschm/VEXU_GHOST/install/ghost_util/lib/tls/x86_64/libc.so.6", O_RDONLY|O_CLOEXEC) = -1 ENOENT (No such file or directory)
newfstatat(AT_FDCWD, "/home/goetschm/VEXU_GHOST/install/ghost_util/lib/tls/x86_64", 0x7ffd7a849ab0, 0) = -1 ENOENT (No such file or directory)
openat(AT_FDCWD, "/home/goetschm/VEXU_GHOST/install/ghost_util/lib/tls/libc.so.6", O_RDONLY|O_CLOEXEC) = -1 ENOENT (No such file or directory)
newfstatat(AT_FDCWD, "/home/goetschm/VEXU_GHOST/install/ghost_util/lib/tls", 0x7ffd7a849ab0, 0) = -1 ENOENT (No such file or directory)
openat(AT_FDCWD, "/home/goetschm/VEXU_GHOST/install/ghost_util/lib/haswell/x86_64/libc.so.6", O_RDONLY|O_CLOEXEC) = -1 ENOENT (No such file or directory)
newfstatat(AT_FDCWD, "/home/goetschm/VEXU_GHOST/install/ghost_util/lib/haswell/x86_64", 0x7ffd7a849ab0, 0) = -1 ENOENT (No such file or directory)
openat(AT_FDCWD, "/home/goetschm/VEXU_GHOST/install/ghost_util/lib/haswell/libc.so.6", O_RDONLY|O_CLOEXEC) = -1 ENOENT (No such file or directory)
newfstatat(AT_FDCWD, "/home/goetschm/VEXU_GHOST/install/ghost_util/lib/haswell", 0x7ffd7a849ab0, 0) = -1 ENOENT (No such file or directory)
openat(AT_FDCWD, "/home/goetschm/VEXU_GHOST/install/ghost_util/lib/x86_64/libc.so.6", O_RDONLY|O_CLOEXEC) = -1 ENOENT (No such file or directory)
newfstatat(AT_FDCWD, "/home/goetschm/VEXU_GHOST/install/ghost_util/lib/x86_64", 0x7ffd7a849ab0, 0) = -1 ENOENT (No such file or directory)
openat(AT_FDCWD, "/home/goetschm/VEXU_GHOST/install/ghost_util/lib/libc.so.6", O_RDONLY|O_CLOEXEC) = -1 ENOENT (No such file or directory)
newfstatat(AT_FDCWD, "/home/goetschm/VEXU_GHOST/install/ghost_util/lib", {st_mode=S_IFDIR|0755, st_size=4096, ...}, 0) = 0
openat(AT_FDCWD, "/home/goetschm/VEXU_GHOST/install/ghost_serial/lib/glibc-hwcaps/x86-64-v3/libc.so.6", O_RDONLY|O_CLOEXEC) = -1 ENOENT (No such file or directory)
newfstatat(AT_FDCWD, "/home/goetschm/VEXU_GHOST/install/ghost_serial/lib/glibc-hwcaps/x86-64-v3", 0x7ffd7a849ab0, 0) = -1 ENOENT (No such file or directory)
openat(AT_FDCWD, "/home/goetschm/VEXU_GHOST/install/ghost_serial/lib/glibc-hwcaps/x86-64-v2/libc.so.6", O_RDONLY|O_CLOEXEC) = -1 ENOENT (No such file or directory)
newfstatat(AT_FDCWD, "/home/goetschm/VEXU_GHOST/install/ghost_serial/lib/glibc-hwcaps/x86-64-v2", 0x7ffd7a849ab0, 0) = -1 ENOENT (No such file or directory)
openat(AT_FDCWD, "/home/goetschm/VEXU_GHOST/install/ghost_serial/lib/tls/haswell/x86_64/libc.so.6", O_RDONLY|O_CLOEXEC) = -1 ENOENT (No such file or directory)
newfstatat(AT_FDCWD, "/home/goetschm/VEXU_GHOST/install/ghost_serial/lib/tls/haswell/x86_64", 0x7ffd7a849ab0, 0) = -1 ENOENT (No such file or directory)
openat(AT_FDCWD, "/home/goetschm/VEXU_GHOST/install/ghost_serial/lib/tls/haswell/libc.so.6", O_RDONLY|O_CLOEXEC) = -1 ENOENT (No such file or directory)
newfstatat(AT_FDCWD, "/home/goetschm/VEXU_GHOST/install/ghost_serial/lib/tls/haswell", 0x7ffd7a849ab0, 0) = -1 ENOENT (No such file or directory)
openat(AT_FDCWD, "/home/goetschm/VEXU_GHOST/install/ghost_serial/lib/tls/x86_64/libc.so.6", O_RDONLY|O_CLOEXEC) = -1 ENOENT (No such file or directory)
newfstatat(AT_FDCWD, "/home/goetschm/VEXU_GHOST/install/ghost_serial/lib/tls/x86_64", 0x7ffd7a849ab0, 0) = -1 ENOENT (No such file or directory)
openat(AT_FDCWD, "/home/goetschm/VEXU_GHOST/install/ghost_serial/lib/tls/libc.so.6", O_RDONLY|O_CLOEXEC) = -1 ENOENT (No such file or directory)
newfstatat(AT_FDCWD, "/home/goetschm/VEXU_GHOST/install/ghost_serial/lib/tls", 0x7ffd7a849ab0, 0) = -1 ENOENT (No such file or directory)
openat(AT_FDCWD, "/home/goetschm/VEXU_GHOST/install/ghost_serial/lib/haswell/x86_64/libc.so.6", O_RDONLY|O_CLOEXEC) = -1 ENOENT (No such file or directory)
newfstatat(AT_FDCWD, "/home/goetschm/VEXU_GHOST/install/ghost_serial/lib/haswell/x86_64", 0x7ffd7a849ab0, 0) = -1 ENOENT (No such file or directory)
openat(AT_FDCWD, "/home/goetschm/VEXU_GHOST/install/ghost_serial/lib/haswell/libc.so.6", O_RDONLY|O_CLOEXEC) = -1 ENOENT (No such file or directory)
newfstatat(AT_FDCWD, "/home/goetschm/VEXU_GHOST/install/ghost_serial/lib/haswell", 0x7ffd7a849ab0, 0) = -1 ENOENT (No such file or directory)
openat(AT_FDCWD, "/home/goetschm/VEXU_GHOST/install/ghost_serial/lib/x86_64/libc.so.6", O_RDONLY|O_CLOEXEC) = -1 ENOENT (No such file or directory)
newfstatat(AT_FDCWD, "/home/goetschm/VEXU_GHOST/install/ghost_serial/lib/x86_64", 0x7ffd7a849ab0, 0) = -1 ENOENT (No such file or directory)
openat(AT_FDCWD, "/home/goetschm/VEXU_GHOST/install/ghost_serial/lib/libc.so.6", O_RDONLY|O_CLOEXEC) = -1 ENOENT (No such file or directory)
newfstatat(AT_FDCWD, "/home/goetschm/VEXU_GHOST/install/ghost_serial/lib", {st_mode=S_IFDIR|0755, st_size=4096, ...}, 0) = 0
openat(AT_FDCWD, "/home/goetschm/VEXU_GHOST/install/ghost_msgs/lib/glibc-hwcaps/x86-64-v3/libc.so.6", O_RDONLY|O_CLOEXEC) = -1 ENOENT (No such file or directory)
newfstatat(AT_FDCWD, "/home/goetschm/VEXU_GHOST/install/ghost_msgs/lib/glibc-hwcaps/x86-64-v3", 0x7ffd7a849ab0, 0) = -1 ENOENT (No such file or directory)
openat(AT_FDCWD, "/home/goetschm/VEXU_GHOST/install/ghost_msgs/lib/glibc-hwcaps/x86-64-v2/libc.so.6", O_RDONLY|O_CLOEXEC) = -1 ENOENT (No such file or directory)
newfstatat(AT_FDCWD, "/home/goetschm/VEXU_GHOST/install/ghost_msgs/lib/glibc-hwcaps/x86-64-v2", 0x7ffd7a849ab0, 0) = -1 ENOENT (No such file or directory)
openat(AT_FDCWD, "/home/goetschm/VEXU_GHOST/install/ghost_msgs/lib/tls/haswell/x86_64/libc.so.6", O_RDONLY|O_CLOEXEC) = -1 ENOENT (No such file or directory)
newfstatat(AT_FDCWD, "/home/goetschm/VEXU_GHOST/install/ghost_msgs/lib/tls/haswell/x86_64", 0x7ffd7a849ab0, 0) = -1 ENOENT (No such file or directory)
openat(AT_FDCWD, "/home/goetschm/VEXU_GHOST/install/ghost_msgs/lib/tls/haswell/libc.so.6", O_RDONLY|O_CLOEXEC) = -1 ENOENT (No such file or directory)
newfstatat(AT_FDCWD, "/home/goetschm/VEXU_GHOST/install/ghost_msgs/lib/tls/haswell", 0x7ffd7a849ab0, 0) = -1 ENOENT (No such file or directory)
openat(AT_FDCWD, "/home/goetschm/VEXU_GHOST/install/ghost_msgs/lib/tls/x86_64/libc.so.6", O_RDONLY|O_CLOEXEC) = -1 ENOENT (No such file or directory)
newfstatat(AT_FDCWD, "/home/goetschm/VEXU_GHOST/install/ghost_msgs/lib/tls/x86_64", 0x7ffd7a849ab0, 0) = -1 ENOENT (No such file or directory)
openat(AT_FDCWD, "/home/goetschm/VEXU_GHOST/install/ghost_msgs/lib/tls/libc.so.6", O_RDONLY|O_CLOEXEC) = -1 ENOENT (No such file or directory)
newfstatat(AT_FDCWD, "/home/goetschm/VEXU_GHOST/install/ghost_msgs/lib/tls", 0x7ffd7a849ab0, 0) = -1 ENOENT (No such file or directory)
openat(AT_FDCWD, "/home/goetschm/VEXU_GHOST/install/ghost_msgs/lib/haswell/x86_64/libc.so.6", O_RDONLY|O_CLOEXEC) = -1 ENOENT (No such file or directory)
newfstatat(AT_FDCWD, "/home/goetschm/VEXU_GHOST/install/ghost_msgs/lib/haswell/x86_64", 0x7ffd7a849ab0, 0) = -1 ENOENT (No such file or directory)
openat(AT_FDCWD, "/home/goetschm/VEXU_GHOST/install/ghost_msgs/lib/haswell/libc.so.6", O_RDONLY|O_CLOEXEC) = -1 ENOENT (No such file or directory)
newfstatat(AT_FDCWD, "/home/goetschm/VEXU_GHOST/install/ghost_msgs/lib/haswell", 0x7ffd7a849ab0, 0) = -1 ENOENT (No such file or directory)
openat(AT_FDCWD, "/home/goetschm/VEXU_GHOST/install/ghost_msgs/lib/x86_64/libc.so.6", O_RDONLY|O_CLOEXEC) = -1 ENOENT (No such file or directory)
newfstatat(AT_FDCWD, "/home/goetschm/VEXU_GHOST/install/ghost_msgs/lib/x86_64", 0x7ffd7a849ab0, 0) = -1 ENOENT (No such file or directory)
openat(AT_FDCWD, "/home/goetschm/VEXU_GHOST/install/ghost_msgs/lib/libc.so.6", O_RDONLY|O_CLOEXEC) = -1 ENOENT (No such file or directory)
newfstatat(AT_FDCWD, "/home/goetschm/VEXU_GHOST/install/ghost_msgs/lib", {st_mode=S_IFDIR|0755, st_size=4096, ...}, 0) = 0
openat(AT_FDCWD, "/home/goetschm/VEXU_GHOST/install/ghost_examples/lib/glibc-hwcaps/x86-64-v3/libc.so.6", O_RDONLY|O_CLOEXEC) = -1 ENOENT (No such file or directory)
newfstatat(AT_FDCWD, "/home/goetschm/VEXU_GHOST/install/ghost_examples/lib/glibc-hwcaps/x86-64-v3", 0x7ffd7a849ab0, 0) = -1 ENOENT (No such file or directory)
openat(AT_FDCWD, "/home/goetschm/VEXU_GHOST/install/ghost_examples/lib/glibc-hwcaps/x86-64-v2/libc.so.6", O_RDONLY|O_CLOEXEC) = -1 ENOENT (No such file or directory)
newfstatat(AT_FDCWD, "/home/goetschm/VEXU_GHOST/install/ghost_examples/lib/glibc-hwcaps/x86-64-v2", 0x7ffd7a849ab0, 0) = -1 ENOENT (No such file or directory)
openat(AT_FDCWD, "/home/goetschm/VEXU_GHOST/install/ghost_examples/lib/tls/haswell/x86_64/libc.so.6", O_RDONLY|O_CLOEXEC) = -1 ENOENT (No such file or directory)
newfstatat(AT_FDCWD, "/home/goetschm/VEXU_GHOST/install/ghost_examples/lib/tls/haswell/x86_64", 0x7ffd7a849ab0, 0) = -1 ENOENT (No such file or directory)
openat(AT_FDCWD, "/home/goetschm/VEXU_GHOST/install/ghost_examples/lib/tls/haswell/libc.so.6", O_RDONLY|O_CLOEXEC) = -1 ENOENT (No such file or directory)
newfstatat(AT_FDCWD, "/home/goetschm/VEXU_GHOST/install/ghost_examples/lib/tls/haswell", 0x7ffd7a849ab0, 0) = -1 ENOENT (No such file or directory)
openat(AT_FDCWD, "/home/goetschm/VEXU_GHOST/install/ghost_examples/lib/tls/x86_64/libc.so.6", O_RDONLY|O_CLOEXEC) = -1 ENOENT (No such file or directory)
newfstatat(AT_FDCWD, "/home/goetschm/VEXU_GHOST/install/ghost_examples/lib/tls/x86_64", 0x7ffd7a849ab0, 0) = -1 ENOENT (No such file or directory)
openat(AT_FDCWD, "/home/goetschm/VEXU_GHOST/install/ghost_examples/lib/tls/libc.so.6", O_RDONLY|O_CLOEXEC) = -1 ENOENT (No such file or directory)
newfstatat(AT_FDCWD, "/home/goetschm/VEXU_GHOST/install/ghost_examples/lib/tls", 0x7ffd7a849ab0, 0) = -1 ENOENT (No such file or directory)
openat(AT_FDCWD, "/home/goetschm/VEXU_GHOST/install/ghost_examples/lib/haswell/x86_64/libc.so.6", O_RDONLY|O_CLOEXEC) = -1 ENOENT (No such file or directory)
newfstatat(AT_FDCWD, "/home/goetschm/VEXU_GHOST/install/ghost_examples/lib/haswell/x86_64", 0x7ffd7a849ab0, 0) = -1 ENOENT (No such file or directory)
openat(AT_FDCWD, "/home/goetschm/VEXU_GHOST/install/ghost_examples/lib/haswell/libc.so.6", O_RDONLY|O_CLOEXEC) = -1 ENOENT (No such file or directory)
newfstatat(AT_FDCWD, "/home/goetschm/VEXU_GHOST/install/ghost_examples/lib/haswell", 0x7ffd7a849ab0, 0) = -1 ENOENT (No such file or directory)
openat(AT_FDCWD, "/home/goetschm/VEXU_GHOST/install/ghost_examples/lib/x86_64/libc.so.6", O_RDONLY|O_CLOEXEC) = -1 ENOENT (No such file or directory)
newfstatat(AT_FDCWD, "/home/goetschm/VEXU_GHOST/install/ghost_examples/lib/x86_64", 0x7ffd7a849ab0, 0) = -1 ENOENT (No such file or directory)
openat(AT_FDCWD, "/home/goetschm/VEXU_GHOST/install/ghost_examples/lib/libc.so.6", O_RDONLY|O_CLOEXEC) = -1 ENOENT (No such file or directory)
newfstatat(AT_FDCWD, "/home/goetschm/VEXU_GHOST/install/ghost_examples/lib", {st_mode=S_IFDIR|0755, st_size=4096, ...}, 0) = 0
openat(AT_FDCWD, "/home/goetschm/VEXU_GHOST/install/ghost_estimation/lib/glibc-hwcaps/x86-64-v3/libc.so.6", O_RDONLY|O_CLOEXEC) = -1 ENOENT (No such file or directory)
newfstatat(AT_FDCWD, "/home/goetschm/VEXU_GHOST/install/ghost_estimation/lib/glibc-hwcaps/x86-64-v3", 0x7ffd7a849ab0, 0) = -1 ENOENT (No such file or directory)
openat(AT_FDCWD, "/home/goetschm/VEXU_GHOST/install/ghost_estimation/lib/glibc-hwcaps/x86-64-v2/libc.so.6", O_RDONLY|O_CLOEXEC) = -1 ENOENT (No such file or directory)
newfstatat(AT_FDCWD, "/home/goetschm/VEXU_GHOST/install/ghost_estimation/lib/glibc-hwcaps/x86-64-v2", 0x7ffd7a849ab0, 0) = -1 ENOENT (No such file or directory)
openat(AT_FDCWD, "/home/goetschm/VEXU_GHOST/install/ghost_estimation/lib/tls/haswell/x86_64/libc.so.6", O_RDONLY|O_CLOEXEC) = -1 ENOENT (No such file or directory)
newfstatat(AT_FDCWD, "/home/goetschm/VEXU_GHOST/install/ghost_estimation/lib/tls/haswell/x86_64", 0x7ffd7a849ab0, 0) = -1 ENOENT (No such file or directory)
openat(AT_FDCWD, "/home/goetschm/VEXU_GHOST/install/ghost_estimation/lib/tls/haswell/libc.so.6", O_RDONLY|O_CLOEXEC) = -1 ENOENT (No such file or directory)
newfstatat(AT_FDCWD, "/home/goetschm/VEXU_GHOST/install/ghost_estimation/lib/tls/haswell", 0x7ffd7a849ab0, 0) = -1 ENOENT (No such file or directory)
openat(AT_FDCWD, "/home/goetschm/VEXU_GHOST/install/ghost_estimation/lib/tls/x86_64/libc.so.6", O_RDONLY|O_CLOEXEC) = -1 ENOENT (No such file or directory)
newfstatat(AT_FDCWD, "/home/goetschm/VEXU_GHOST/install/ghost_estimation/lib/tls/x86_64", 0x7ffd7a849ab0, 0) = -1 ENOENT (No such file or directory)
openat(AT_FDCWD, "/home/goetschm/VEXU_GHOST/install/ghost_estimation/lib/tls/libc.so.6", O_RDONLY|O_CLOEXEC) = -1 ENOENT (No such file or directory)
newfstatat(AT_FDCWD, "/home/goetschm/VEXU_GHOST/install/ghost_estimation/lib/tls", 0x7ffd7a849ab0, 0) = -1 ENOENT (No such file or directory)
openat(AT_FDCWD, "/home/goetschm/VEXU_GHOST/install/ghost_estimation/lib/haswell/x86_64/libc.so.6", O_RDONLY|O_CLOEXEC) = -1 ENOENT (No such file or directory)
newfstatat(AT_FDCWD, "/home/goetschm/VEXU_GHOST/install/ghost_estimation/lib/haswell/x86_64", 0x7ffd7a849ab0, 0) = -1 ENOENT (No such file or directory)
openat(AT_FDCWD, "/home/goetschm/VEXU_GHOST/install/ghost_estimation/lib/haswell/libc.so.6", O_RDONLY|O_CLOEXEC) = -1 ENOENT (No such file or directory)
newfstatat(AT_FDCWD, "/home/goetschm/VEXU_GHOST/install/ghost_estimation/lib/haswell", 0x7ffd7a849ab0, 0) = -1 ENOENT (No such file or directory)
openat(AT_FDCWD, "/home/goetschm/VEXU_GHOST/install/ghost_estimation/lib/x86_64/libc.so.6", O_RDONLY|O_CLOEXEC) = -1 ENOENT (No such file or directory)
newfstatat(AT_FDCWD, "/home/goetschm/VEXU_GHOST/install/ghost_estimation/lib/x86_64", 0x7ffd7a849ab0, 0) = -1 ENOENT (No such file or directory)
openat(AT_FDCWD, "/home/goetschm/VEXU_GHOST/install/ghost_estimation/lib/libc.so.6", O_RDONLY|O_CLOEXEC) = -1 ENOENT (No such file or directory)
newfstatat(AT_FDCWD, "/home/goetschm/VEXU_GHOST/install/ghost_estimation/lib", {st_mode=S_IFDIR|0755, st_size=4096, ...}, 0) = 0
openat(AT_FDCWD, "/usr/lib/x86_64-linux-gnu/gazebo-11/plugins/glibc-hwcaps/x86-64-v3/libc.so.6", O_RDONLY|O_CLOEXEC) = -1 ENOENT (No such file or directory)
newfstatat(AT_FDCWD, "/usr/lib/x86_64-linux-gnu/gazebo-11/plugins/glibc-hwcaps/x86-64-v3", 0x7ffd7a849ab0, 0) = -1 ENOENT (No such file or directory)
openat(AT_FDCWD, "/usr/lib/x86_64-linux-gnu/gazebo-11/plugins/glibc-hwcaps/x86-64-v2/libc.so.6", O_RDONLY|O_CLOEXEC) = -1 ENOENT (No such file or directory)
newfstatat(AT_FDCWD, "/usr/lib/x86_64-linux-gnu/gazebo-11/plugins/glibc-hwcaps/x86-64-v2", 0x7ffd7a849ab0, 0) = -1 ENOENT (No such file or directory)
openat(AT_FDCWD, "/usr/lib/x86_64-linux-gnu/gazebo-11/plugins/tls/haswell/x86_64/libc.so.6", O_RDONLY|O_CLOEXEC) = -1 ENOENT (No such file or directory)
newfstatat(AT_FDCWD, "/usr/lib/x86_64-linux-gnu/gazebo-11/plugins/tls/haswell/x86_64", 0x7ffd7a849ab0, 0) = -1 ENOENT (No such file or directory)
openat(AT_FDCWD, "/usr/lib/x86_64-linux-gnu/gazebo-11/plugins/tls/haswell/libc.so.6", O_RDONLY|O_CLOEXEC) = -1 ENOENT (No such file or directory)
newfstatat(AT_FDCWD, "/usr/lib/x86_64-linux-gnu/gazebo-11/plugins/tls/haswell", 0x7ffd7a849ab0, 0) = -1 ENOENT (No such file or directory)
openat(AT_FDCWD, "/usr/lib/x86_64-linux-gnu/gazebo-11/plugins/tls/x86_64/libc.so.6", O_RDONLY|O_CLOEXEC) = -1 ENOENT (No such file or directory)
newfstatat(AT_FDCWD, "/usr/lib/x86_64-linux-gnu/gazebo-11/plugins/tls/x86_64", 0x7ffd7a849ab0, 0) = -1 ENOENT (No such file or directory)
openat(AT_FDCWD, "/usr/lib/x86_64-linux-gnu/gazebo-11/plugins/tls/libc.so.6", O_RDONLY|O_CLOEXEC) = -1 ENOENT (No such file or directory)
newfstatat(AT_FDCWD, "/usr/lib/x86_64-linux-gnu/gazebo-11/plugins/tls", 0x7ffd7a849ab0, 0) = -1 ENOENT (No such file or directory)
openat(AT_FDCWD, "/usr/lib/x86_64-linux-gnu/gazebo-11/plugins/haswell/x86_64/libc.so.6", O_RDONLY|O_CLOEXEC) = -1 ENOENT (No such file or directory)
newfstatat(AT_FDCWD, "/usr/lib/x86_64-linux-gnu/gazebo-11/plugins/haswell/x86_64", 0x7ffd7a849ab0, 0) = -1 ENOENT (No such file or directory)
openat(AT_FDCWD, "/usr/lib/x86_64-linux-gnu/gazebo-11/plugins/haswell/libc.so.6", O_RDONLY|O_CLOEXEC) = -1 ENOENT (No such file or directory)
newfstatat(AT_FDCWD, "/usr/lib/x86_64-linux-gnu/gazebo-11/plugins/haswell", 0x7ffd7a849ab0, 0) = -1 ENOENT (No such file or directory)
openat(AT_FDCWD, "/usr/lib/x86_64-linux-gnu/gazebo-11/plugins/x86_64/libc.so.6", O_RDONLY|O_CLOEXEC) = -1 ENOENT (No such file or directory)
newfstatat(AT_FDCWD, "/usr/lib/x86_64-linux-gnu/gazebo-11/plugins/x86_64", 0x7ffd7a849ab0, 0) = -1 ENOENT (No such file or directory)
openat(AT_FDCWD, "/usr/lib/x86_64-linux-gnu/gazebo-11/plugins/libc.so.6", O_RDONLY|O_CLOEXEC) = -1 ENOENT (No such file or directory)
newfstatat(AT_FDCWD, "/usr/lib/x86_64-linux-gnu/gazebo-11/plugins", {st_mode=S_IFDIR|0755, st_size=4096, ...}, 0) = 0
openat(AT_FDCWD, "/opt/ros/humble/opt/rviz_ogre_vendor/lib/glibc-hwcaps/x86-64-v3/libc.so.6", O_RDONLY|O_CLOEXEC) = -1 ENOENT (No such file or directory)
newfstatat(AT_FDCWD, "/opt/ros/humble/opt/rviz_ogre_vendor/lib/glibc-hwcaps/x86-64-v3", 0x7ffd7a849ab0, 0) = -1 ENOENT (No such file or directory)
openat(AT_FDCWD, "/opt/ros/humble/opt/rviz_ogre_vendor/lib/glibc-hwcaps/x86-64-v2/libc.so.6", O_RDONLY|O_CLOEXEC) = -1 ENOENT (No such file or directory)
newfstatat(AT_FDCWD, "/opt/ros/humble/opt/rviz_ogre_vendor/lib/glibc-hwcaps/x86-64-v2", 0x7ffd7a849ab0, 0) = -1 ENOENT (No such file or directory)
openat(AT_FDCWD, "/opt/ros/humble/opt/rviz_ogre_vendor/lib/tls/haswell/x86_64/libc.so.6", O_RDONLY|O_CLOEXEC) = -1 ENOENT (No such file or directory)
newfstatat(AT_FDCWD, "/opt/ros/humble/opt/rviz_ogre_vendor/lib/tls/haswell/x86_64", 0x7ffd7a849ab0, 0) = -1 ENOENT (No such file or directory)
openat(AT_FDCWD, "/opt/ros/humble/opt/rviz_ogre_vendor/lib/tls/haswell/libc.so.6", O_RDONLY|O_CLOEXEC) = -1 ENOENT (No such file or directory)
newfstatat(AT_FDCWD, "/opt/ros/humble/opt/rviz_ogre_vendor/lib/tls/haswell", 0x7ffd7a849ab0, 0) = -1 ENOENT (No such file or directory)
openat(AT_FDCWD, "/opt/ros/humble/opt/rviz_ogre_vendor/lib/tls/x86_64/libc.so.6", O_RDONLY|O_CLOEXEC) = -1 ENOENT (No such file or directory)
newfstatat(AT_FDCWD, "/opt/ros/humble/opt/rviz_ogre_vendor/lib/tls/x86_64", 0x7ffd7a849ab0, 0) = -1 ENOENT (No such file or directory)
openat(AT_FDCWD, "/opt/ros/humble/opt/rviz_ogre_vendor/lib/tls/libc.so.6", O_RDONLY|O_CLOEXEC) = -1 ENOENT (No such file or directory)
newfstatat(AT_FDCWD, "/opt/ros/humble/opt/rviz_ogre_vendor/lib/tls", 0x7ffd7a849ab0, 0) = -1 ENOENT (No such file or directory)
openat(AT_FDCWD, "/opt/ros/humble/opt/rviz_ogre_vendor/lib/haswell/x86_64/libc.so.6", O_RDONLY|O_CLOEXEC) = -1 ENOENT (No such file or directory)
newfstatat(AT_FDCWD, "/opt/ros/humble/opt/rviz_ogre_vendor/lib/haswell/x86_64", 0x7ffd7a849ab0, 0) = -1 ENOENT (No such file or directory)
openat(AT_FDCWD, "/opt/ros/humble/opt/rviz_ogre_vendor/lib/haswell/libc.so.6", O_RDONLY|O_CLOEXEC) = -1 ENOENT (No such file or directory)
newfstatat(AT_FDCWD, "/opt/ros/humble/opt/rviz_ogre_vendor/lib/haswell", 0x7ffd7a849ab0, 0) = -1 ENOENT (No such file or directory)
openat(AT_FDCWD, "/opt/ros/humble/opt/rviz_ogre_vendor/lib/x86_64/libc.so.6", O_RDONLY|O_CLOEXEC) = -1 ENOENT (No such file or directory)
newfstatat(AT_FDCWD, "/opt/ros/humble/opt/rviz_ogre_vendor/lib/x86_64", 0x7ffd7a849ab0, 0) = -1 ENOENT (No such file or directory)
openat(AT_FDCWD, "/opt/ros/humble/opt/rviz_ogre_vendor/lib/libc.so.6", O_RDONLY|O_CLOEXEC) = -1 ENOENT (No such file or directory)
newfstatat(AT_FDCWD, "/opt/ros/humble/opt/rviz_ogre_vendor/lib", {st_mode=S_IFDIR|0755, st_size=4096, ...}, 0) = 0
openat(AT_FDCWD, "/opt/ros/humble/lib/x86_64-linux-gnu/glibc-hwcaps/x86-64-v3/libc.so.6", O_RDONLY|O_CLOEXEC) = -1 ENOENT (No such file or directory)
newfstatat(AT_FDCWD, "/opt/ros/humble/lib/x86_64-linux-gnu/glibc-hwcaps/x86-64-v3", 0x7ffd7a849ab0, 0) = -1 ENOENT (No such file or directory)
openat(AT_FDCWD, "/opt/ros/humble/lib/x86_64-linux-gnu/glibc-hwcaps/x86-64-v2/libc.so.6", O_RDONLY|O_CLOEXEC) = -1 ENOENT (No such file or directory)
newfstatat(AT_FDCWD, "/opt/ros/humble/lib/x86_64-linux-gnu/glibc-hwcaps/x86-64-v2", 0x7ffd7a849ab0, 0) = -1 ENOENT (No such file or directory)
openat(AT_FDCWD, "/opt/ros/humble/lib/x86_64-linux-gnu/tls/haswell/x86_64/libc.so.6", O_RDONLY|O_CLOEXEC) = -1 ENOENT (No such file or directory)
newfstatat(AT_FDCWD, "/opt/ros/humble/lib/x86_64-linux-gnu/tls/haswell/x86_64", 0x7ffd7a849ab0, 0) = -1 ENOENT (No such file or directory)
openat(AT_FDCWD, "/opt/ros/humble/lib/x86_64-linux-gnu/tls/haswell/libc.so.6", O_RDONLY|O_CLOEXEC) = -1 ENOENT (No such file or directory)
newfstatat(AT_FDCWD, "/opt/ros/humble/lib/x86_64-linux-gnu/tls/haswell", 0x7ffd7a849ab0, 0) = -1 ENOENT (No such file or directory)
openat(AT_FDCWD, "/opt/ros/humble/lib/x86_64-linux-gnu/tls/x86_64/libc.so.6", O_RDONLY|O_CLOEXEC) = -1 ENOENT (No such file or directory)
newfstatat(AT_FDCWD, "/opt/ros/humble/lib/x86_64-linux-gnu/tls/x86_64", 0x7ffd7a849ab0, 0) = -1 ENOENT (No such file or directory)
openat(AT_FDCWD, "/opt/ros/humble/lib/x86_64-linux-gnu/tls/libc.so.6", O_RDONLY|O_CLOEXEC) = -1 ENOENT (No such file or directory)
newfstatat(AT_FDCWD, "/opt/ros/humble/lib/x86_64-linux-gnu/tls", 0x7ffd7a849ab0, 0) = -1 ENOENT (No such file or directory)
openat(AT_FDCWD, "/opt/ros/humble/lib/x86_64-linux-gnu/haswell/x86_64/libc.so.6", O_RDONLY|O_CLOEXEC) = -1 ENOENT (No such file or directory)
newfstatat(AT_FDCWD, "/opt/ros/humble/lib/x86_64-linux-gnu/haswell/x86_64", 0x7ffd7a849ab0, 0) = -1 ENOENT (No such file or directory)
openat(AT_FDCWD, "/opt/ros/humble/lib/x86_64-linux-gnu/haswell/libc.so.6", O_RDONLY|O_CLOEXEC) = -1 ENOENT (No such file or directory)
newfstatat(AT_FDCWD, "/opt/ros/humble/lib/x86_64-linux-gnu/haswell", 0x7ffd7a849ab0, 0) = -1 ENOENT (No such file or directory)
openat(AT_FDCWD, "/opt/ros/humble/lib/x86_64-linux-gnu/x86_64/libc.so.6", O_RDONLY|O_CLOEXEC) = -1 ENOENT (No such file or directory)
newfstatat(AT_FDCWD, "/opt/ros/humble/lib/x86_64-linux-gnu/x86_64", 0x7ffd7a849ab0, 0) = -1 ENOENT (No such file or directory)
openat(AT_FDCWD, "/opt/ros/humble/lib/x86_64-linux-gnu/libc.so.6", O_RDONLY|O_CLOEXEC) = -1 ENOENT (No such file or directory)
newfstatat(AT_FDCWD, "/opt/ros/humble/lib/x86_64-linux-gnu", {st_mode=S_IFDIR|0755, st_size=4096, ...}, 0) = 0
openat(AT_FDCWD, "/opt/ros/humble/lib/glibc-hwcaps/x86-64-v3/libc.so.6", O_RDONLY|O_CLOEXEC) = -1 ENOENT (No such file or directory)
newfstatat(AT_FDCWD, "/opt/ros/humble/lib/glibc-hwcaps/x86-64-v3", 0x7ffd7a849ab0, 0) = -1 ENOENT (No such file or directory)
openat(AT_FDCWD, "/opt/ros/humble/lib/glibc-hwcaps/x86-64-v2/libc.so.6", O_RDONLY|O_CLOEXEC) = -1 ENOENT (No such file or directory)
newfstatat(AT_FDCWD, "/opt/ros/humble/lib/glibc-hwcaps/x86-64-v2", 0x7ffd7a849ab0, 0) = -1 ENOENT (No such file or directory)
openat(AT_FDCWD, "/opt/ros/humble/lib/tls/haswell/x86_64/libc.so.6", O_RDONLY|O_CLOEXEC) = -1 ENOENT (No such file or directory)
newfstatat(AT_FDCWD, "/opt/ros/humble/lib/tls/haswell/x86_64", 0x7ffd7a849ab0, 0) = -1 ENOENT (No such file or directory)
openat(AT_FDCWD, "/opt/ros/humble/lib/tls/haswell/libc.so.6", O_RDONLY|O_CLOEXEC) = -1 ENOENT (No such file or directory)
newfstatat(AT_FDCWD, "/opt/ros/humble/lib/tls/haswell", 0x7ffd7a849ab0, 0) = -1 ENOENT (No such file or directory)
openat(AT_FDCWD, "/opt/ros/humble/lib/tls/x86_64/libc.so.6", O_RDONLY|O_CLOEXEC) = -1 ENOENT (No such file or directory)
newfstatat(AT_FDCWD, "/opt/ros/humble/lib/tls/x86_64", 0x7ffd7a849ab0, 0) = -1 ENOENT (No such file or directory)
openat(AT_FDCWD, "/opt/ros/humble/lib/tls/libc.so.6", O_RDONLY|O_CLOEXEC) = -1 ENOENT (No such file or directory)
newfstatat(AT_FDCWD, "/opt/ros/humble/lib/tls", 0x7ffd7a849ab0, 0) = -1 ENOENT (No such file or directory)
openat(AT_FDCWD, "/opt/ros/humble/lib/haswell/x86_64/libc.so.6", O_RDONLY|O_CLOEXEC) = -1 ENOENT (No such file or directory)
newfstatat(AT_FDCWD, "/opt/ros/humble/lib/haswell/x86_64", 0x7ffd7a849ab0, 0) = -1 ENOENT (No such file or directory)
openat(AT_FDCWD, "/opt/ros/humble/lib/haswell/libc.so.6", O_RDONLY|O_CLOEXEC) = -1 ENOENT (No such file or directory)
newfstatat(AT_FDCWD, "/opt/ros/humble/lib/haswell", 0x7ffd7a849ab0, 0) = -1 ENOENT (No such file or directory)
openat(AT_FDCWD, "/opt/ros/humble/lib/x86_64/libc.so.6", O_RDONLY|O_CLOEXEC) = -1 ENOENT (No such file or directory)
newfstatat(AT_FDCWD, "/opt/ros/humble/lib/x86_64", 0x7ffd7a849ab0, 0) = -1 ENOENT (No such file or directory)
openat(AT_FDCWD, "/opt/ros/humble/lib/libc.so.6", O_RDONLY|O_CLOEXEC) = -1 ENOENT (No such file or directory)
newfstatat(AT_FDCWD, "/opt/ros/humble/lib", {st_mode=S_IFDIR|0755, st_size=36864, ...}, 0) = 0
openat(AT_FDCWD, "/etc/ld.so.cache", O_RDONLY|O_CLOEXEC) = 3
newfstatat(3, "", {st_mode=S_IFREG|0644, st_size=120127, ...}, AT_EMPTY_PATH) = 0
mmap(NULL, 120127, PROT_READ, MAP_PRIVATE, 3, 0) = 0x7f7fae3ed000
close(3)                                = 0
openat(AT_FDCWD, "/lib/x86_64-linux-gnu/libc.so.6", O_RDONLY|O_CLOEXEC) = 3
read(3, "\177ELF\2\1\1\3\0\0\0\0\0\0\0\0\3\0>\0\1\0\0\0P\237\2\0\0\0\0\0"..., 832) = 832
pread64(3, "\6\0\0\0\4\0\0\0@\0\0\0\0\0\0\0@\0\0\0\0\0\0\0@\0\0\0\0\0\0\0"..., 784, 64) = 784
pread64(3, "\4\0\0\0 \0\0\0\5\0\0\0GNU\0\2\0\0\300\4\0\0\0\3\0\0\0\0\0\0\0"..., 48, 848) = 48
pread64(3, "\4\0\0\0\24\0\0\0\3\0\0\0GNU\0I\17\357\204\3$\f\221\2039x\324\224\323\236S"..., 68, 896) = 68
newfstatat(3, "", {st_mode=S_IFREG|0755, st_size=2220400, ...}, AT_EMPTY_PATH) = 0
pread64(3, "\6\0\0\0\4\0\0\0@\0\0\0\0\0\0\0@\0\0\0\0\0\0\0@\0\0\0\0\0\0\0"..., 784, 64) = 784
mmap(NULL, 2264656, PROT_READ, MAP_PRIVATE|MAP_DENYWRITE, 3, 0) = 0x7f7fae1c4000
mprotect(0x7f7fae1ec000, 2023424, PROT_NONE) = 0
mmap(0x7f7fae1ec000, 1658880, PROT_READ|PROT_EXEC, MAP_PRIVATE|MAP_FIXED|MAP_DENYWRITE, 3, 0x28000) = 0x7f7fae1ec000
mmap(0x7f7fae381000, 360448, PROT_READ, MAP_PRIVATE|MAP_FIXED|MAP_DENYWRITE, 3, 0x1bd000) = 0x7f7fae381000
mmap(0x7f7fae3da000, 24576, PROT_READ|PROT_WRITE, MAP_PRIVATE|MAP_FIXED|MAP_DENYWRITE, 3, 0x215000) = 0x7f7fae3da000
mmap(0x7f7fae3e0000, 52816, PROT_READ|PROT_WRITE, MAP_PRIVATE|MAP_FIXED|MAP_ANONYMOUS, -1, 0) = 0x7f7fae3e0000
close(3)                                = 0
mmap(NULL, 12288, PROT_READ|PROT_WRITE, MAP_PRIVATE|MAP_ANONYMOUS, -1, 0) = 0x7f7fae1c1000
arch_prctl(ARCH_SET_FS, 0x7f7fae1c1740) = 0
set_tid_address(0x7f7fae1c1a10)         = 190756
set_robust_list(0x7f7fae1c1a20, 24)     = 0
rseq(0x7f7fae1c20e0, 0x20, 0, 0x53053053) = 0
mprotect(0x7f7fae3da000, 16384, PROT_READ) = 0
mprotect(0x55f7e0dc6000, 4096, PROT_READ) = 0
mprotect(0x7f7fae445000, 8192, PROT_READ) = 0
prlimit64(0, RLIMIT_STACK, NULL, {rlim_cur=8192*1024, rlim_max=RLIM64_INFINITY}) = 0
munmap(0x7f7fae3ed000, 120127)          = 0
clone(child_stack=NULL, flags=CLONE_CHILD_CLEARTID|CLONE_CHILD_SETTID|SIGCHLD, child_tidptr=0x7f7fae1c1a10) = 190757
newfstatat(1, "", {st_mode=S_IFCHR|0620, st_rdev=makedev(0x88, 0x6), ...}, AT_EMPTY_PATH) = 0
getrandom("\x6a\x15\x53\xa6\x4e\x30\x4e\x9a", 8, GRND_NONBLOCK) = 8
brk(NULL)                               = 0x55f7e2d25000
brk(0x55f7e2d46000)                     = 0x55f7e2d46000
write(1, "pid is 190757\n", 14)         = 14
clock_nanosleep(CLOCK_REALTIME, 0, {tv_sec=2, tv_nsec=0}, 0x7ffd7a84a8f0) = 0
getpid()                                = 190756
write(1, "id of child returned to parent a"..., 70) = 70
write(1, "on the command line of another w"..., 73) = 73
clock_nanosleep(CLOCK_REALTIME, 0, {tv_sec=20, tv_nsec=0}, {tv_sec=0, tv_nsec=960014735}) = ? ERESTART_RESTARTBLOCK (Interrupted by signal)
--- SIGCHLD {si_signo=SIGCHLD, si_code=CLD_EXITED, si_pid=190757, si_uid=1000, si_status=0, si_utime=0, si_stime=0} ---
restart_syscall(<... resuming interrupted clock_nanosleep ...>) = 0
wait4(-1, NULL, 0, NULL)                = 190757
exit_group(0)                           = ?
+++ exited with 0 +++
